<?xml version="1.0" encoding="UTF-8"?>
<coverage generated="1620146009243" clover="3.2.0">
  <project timestamp="1620146009244" name="All files">
    <metrics statements="9" coveredstatements="4" conditionals="1" coveredconditionals="0" methods="6" coveredmethods="2" elements="16" coveredelements="6" complexity="0" loc="9" ncloc="9" packages="3" files="4" classes="4"/>
    <package name="example_test">
      <metrics statements="4" coveredstatements="2" conditionals="0" coveredconditionals="0" methods="2" coveredmethods="1"/>
      <file name="subtract.js" path="/home/runner/work/freddies_testing_playground/freddies_testing_playground/example_test/subtract.js">
        <metrics statements="2" coveredstatements="0" conditionals="0" coveredconditionals="0" methods="1" coveredmethods="0"/>
        <line num="2" count="0" type="stmt"/>
        <line num="4" count="0" type="stmt"/>
      </file>
      <file name="sum.js" path="/home/runner/work/freddies_testing_playground/freddies_testing_playground/example_test/sum.js">
        <metrics statements="2" coveredstatements="2" conditionals="0" coveredconditionals="0" methods="1" coveredmethods="1"/>
        <line num="2" count="1" type="stmt"/>
        <line num="4" count="1" type="stmt"/>
      </file>
    </package>
    <package name="js">
      <metrics statements="3" coveredstatements="0" conditionals="0" coveredconditionals="0" methods="2" coveredmethods="0"/>
      <file name="index.jsx" path="/home/runner/work/freddies_testing_playground/freddies_testing_playground/js/index.jsx">
        <metrics statements="3" coveredstatements="0" conditionals="0" coveredconditionals="0" methods="2" coveredmethods="0"/>
        <line num="6" count="0" type="stmt"/>
        <line num="10" count="0" type="stmt"/>
        <line num="19" count="0" type="stmt"/>
      </file>
    </package>
    <package name="js.components.Button">
      <metrics statements="2" coveredstatements="2" conditionals="1" coveredconditionals="0" methods="2" coveredmethods="1"/>
      <file name="Button.jsx" path="/home/runner/work/freddies_testing_playground/freddies_testing_playground/js/components/Button/Button.jsx">
        <metrics statements="2" coveredstatements="2" conditionals="1" coveredconditionals="0" methods="2" coveredmethods="1"/>
        <line num="5" count="1" type="stmt"/>
        <line num="12" count="1" type="stmt"/>
      </file>
    </package>
  </project>
</coverage>
