{"/home/runner/work/freddies_testing_playground/freddies_testing_playground/example_test/subtract.js": {"path":"/home/runner/work/freddies_testing_playground/freddies_testing_playground/example_test/subtract.js","statementMap":{"0":{"start":{"line":2,"column":2},"end":{"line":2,"column":15}},"1":{"start":{"line":4,"column":0},"end":{"line":4,"column":26}}},"fnMap":{"0":{"name":"subtract","decl":{"start":{"line":1,"column":9},"end":{"line":1,"column":17}},"loc":{"start":{"line":1,"column":24},"end":{"line":3,"column":1}},"line":1}},"branchMap":{},"s":{"0":0,"1":0},"f":{"0":0},"b":{}}
,"/home/runner/work/freddies_testing_playground/freddies_testing_playground/example_test/sum.js": {"path":"/home/runner/work/freddies_testing_playground/freddies_testing_playground/example_test/sum.js","statementMap":{"0":{"start":{"line":2,"column":2},"end":{"line":2,"column":15}},"1":{"start":{"line":4,"column":0},"end":{"line":4,"column":21}}},"fnMap":{"0":{"name":"sum","decl":{"start":{"line":1,"column":9},"end":{"line":1,"column":12}},"loc":{"start":{"line":1,"column":19},"end":{"line":3,"column":1}},"line":1}},"branchMap":{},"s":{"0":1,"1":1},"f":{"0":1},"b":{},"_coverageSchema":"1a1c01bbd47fc00a2c39e90264f33305004495a9","hash":"0e17fd188d9fb422b9066c0f00744d3ac5546401"}
,"/home/runner/work/freddies_testing_playground/freddies_testing_playground/js/index.jsx": {"path":"/home/runner/work/freddies_testing_playground/freddies_testing_playground/js/index.jsx","statementMap":{"0":{"start":{"line":6,"column":2},"end":{"line":16,"column":4}},"1":{"start":{"line":10,"column":10},"end":{"line":10,"column":25}},"2":{"start":{"line":19,"column":0},"end":{"line":19,"column":49}}},"fnMap":{"0":{"name":"App","decl":{"start":{"line":5,"column":9},"end":{"line":5,"column":12}},"loc":{"start":{"line":5,"column":15},"end":{"line":17,"column":1}},"line":5},"1":{"name":"(anonymous_1)","decl":{"start":{"line":9,"column":17},"end":{"line":9,"column":18}},"loc":{"start":{"line":9,"column":23},"end":{"line":11,"column":9}},"line":9}},"branchMap":{},"s":{"0":0,"1":0,"2":0},"f":{"0":0,"1":0},"b":{}}
,"/home/runner/work/freddies_testing_playground/freddies_testing_playground/js/components/Button/Button.jsx": {"path":"/home/runner/work/freddies_testing_playground/freddies_testing_playground/js/components/Button/Button.jsx","statementMap":{"0":{"start":{"line":5,"column":2},"end":{"line":9,"column":4}},"1":{"start":{"line":12,"column":0},"end":{"line":15,"column":2}}},"fnMap":{"0":{"name":"Button","decl":{"start":{"line":4,"column":9},"end":{"line":4,"column":15}},"loc":{"start":{"line":4,"column":60},"end":{"line":10,"column":1}},"line":4},"1":{"name":"(anonymous_1)","decl":{"start":{"line":4,"column":38},"end":{"line":4,"column":39}},"loc":{"start":{"line":4,"column":44},"end":{"line":4,"column":46}},"line":4}},"branchMap":{"0":{"loc":{"start":{"line":4,"column":28},"end":{"line":4,"column":46}},"type":"default-arg","locations":[{"start":{"line":4,"column":38},"end":{"line":4,"column":46}}],"line":4}},"s":{"0":1,"1":1},"f":{"0":1,"1":0},"b":{"0":[0]},"_coverageSchema":"1a1c01bbd47fc00a2c39e90264f33305004495a9","hash":"6d5d36ddde131860bb0e447b950756f791abb5e6"}
}
