TN:
SF:example_test/subtract.js
FN:1,subtract
FNF:1
FNH:0
FNDA:0,subtract
DA:2,0
DA:4,0
LF:2
LH:0
BRF:0
BRH:0
end_of_record
TN:
SF:example_test/sum.js
FN:1,sum
FNF:1
FNH:1
FNDA:1,sum
DA:2,1
DA:4,1
LF:2
LH:2
BRF:0
BRH:0
end_of_record
TN:
SF:js/index.jsx
FN:5,App
FN:9,(anonymous_1)
FNF:2
FNH:0
FNDA:0,App
FNDA:0,(anonymous_1)
DA:6,0
DA:10,0
DA:19,0
LF:3
LH:0
BRF:0
BRH:0
end_of_record
TN:
SF:js/components/Button/Button.jsx
FN:4,Button
FN:4,(anonymous_1)
FNF:2
FNH:1
FNDA:1,Button
FNDA:0,(anonymous_1)
DA:5,1
DA:12,1
LF:2
LH:2
BRDA:4,0,0,0
BRF:1
BRH:0
end_of_record
