{"numFailedTestSuites":0,"numFailedTests":0,"numPassedTestSuites":2,"numPassedTests":2,"numPendingTestSuites":0,"numPendingTests":0,"numRuntimeErrorTestSuites":0,"numTodoTests":0,"numTotalTestSuites":2,"numTotalTests":2,"openHandles":[],"snapshot":{"added":0,"didUpdate":false,"failure":false,"filesAdded":0,"filesRemoved":0,"filesRemovedList":[],"filesUnmatched":0,"filesUpdated":0,"matched":0,"total":0,"unchecked":0,"uncheckedKeysByFile":[],"unmatched":0,"updated":0},"startTime":1620154824762,"success":true,"testResults":[{"assertionResults":[{"ancestorTitles":["Button"],"failureMessages":[],"fullName":"Button handles user click.","location":null,"status":"passed","title":"handles user click."}],"endTime":1620154844416,"message":"","name":"/Users/freddiepike/Development/freddies_testing_playground/js/components/Button/__tests__/Button.test.jsx","startTime":1620154830006,"status":"passed","summary":""},{"assertionResults":[{"ancestorTitles":[],"failureMessages":[],"fullName":"adds 1 + 2 to equal 3","location":null,"status":"passed","title":"adds 1 + 2 to equal 3"}],"endTime":1620154844973,"message":"","name":"/Users/freddiepike/Development/freddies_testing_playground/example_test/__tests__/sum.test.js","startTime":1620154844466,"status":"passed","summary":""}],"wasInterrupted":false,"coverageMap":{"/Users/freddiepike/Development/freddies_testing_playground/js/components/Button/Button.jsx":{"path":"/Users/freddiepike/Development/freddies_testing_playground/js/components/Button/Button.jsx","statementMap":{"0":{"start":{"line":5,"column":2},"end":{"line":9,"column":4}},"1":{"start":{"line":12,"column":0},"end":{"line":15,"column":2}}},"fnMap":{"0":{"name":"Button","decl":{"start":{"line":4,"column":9},"end":{"line":4,"column":15}},"loc":{"start":{"line":4,"column":60},"end":{"line":10,"column":1}},"line":4},"1":{"name":"(anonymous_1)","decl":{"start":{"line":4,"column":38},"end":{"line":4,"column":39}},"loc":{"start":{"line":4,"column":44},"end":{"line":4,"column":46}},"line":4}},"branchMap":{"0":{"loc":{"start":{"line":4,"column":28},"end":{"line":4,"column":46}},"type":"default-arg","locations":[{"start":{"line":4,"column":38},"end":{"line":4,"column":46}}],"line":4}},"s":{"0":1,"1":1},"f":{"0":1,"1":0},"b":{"0":[0]},"_coverageSchema":"1a1c01bbd47fc00a2c39e90264f33305004495a9","hash":"a833cd3043599825a9d16e5bf794244c8e305176"},"/Users/freddiepike/Development/freddies_testing_playground/example_test/sum.js":{"path":"/Users/freddiepike/Development/freddies_testing_playground/example_test/sum.js","statementMap":{"0":{"start":{"line":2,"column":2},"end":{"line":2,"column":15}},"1":{"start":{"line":4,"column":0},"end":{"line":4,"column":21}}},"fnMap":{"0":{"name":"sum","decl":{"start":{"line":1,"column":9},"end":{"line":1,"column":12}},"loc":{"start":{"line":1,"column":19},"end":{"line":3,"column":1}},"line":1}},"branchMap":{},"s":{"0":1,"1":1},"f":{"0":1},"b":{},"_coverageSchema":"1a1c01bbd47fc00a2c39e90264f33305004495a9","hash":"ab09e6bc206fffb0e1484ec5f3ec83051bfb60df"},"/Users/freddiepike/Development/freddies_testing_playground/js/index.jsx":{"path":"/Users/freddiepike/Development/freddies_testing_playground/js/index.jsx","statementMap":{"0":{"start":{"line":6,"column":2},"end":{"line":16,"column":4}},"1":{"start":{"line":10,"column":10},"end":{"line":10,"column":25}},"2":{"start":{"line":19,"column":0},"end":{"line":19,"column":49}}},"fnMap":{"0":{"name":"App","decl":{"start":{"line":5,"column":9},"end":{"line":5,"column":12}},"loc":{"start":{"line":5,"column":15},"end":{"line":17,"column":1}},"line":5},"1":{"name":"(anonymous_1)","decl":{"start":{"line":9,"column":17},"end":{"line":9,"column":18}},"loc":{"start":{"line":9,"column":23},"end":{"line":11,"column":9}},"line":9}},"branchMap":{},"s":{"0":0,"1":0,"2":0},"f":{"0":0,"1":0},"b":{}},"/Users/freddiepike/Development/freddies_testing_playground/example_test/multiply.js":{"path":"/Users/freddiepike/Development/freddies_testing_playground/example_test/multiply.js","statementMap":{"0":{"start":{"line":2,"column":4},"end":{"line":2,"column":17}},"1":{"start":{"line":4,"column":2},"end":{"line":4,"column":23}}},"fnMap":{"0":{"name":"multiply","decl":{"start":{"line":1,"column":9},"end":{"line":1,"column":17}},"loc":{"start":{"line":1,"column":24},"end":{"line":3,"column":3}},"line":1}},"branchMap":{},"s":{"0":0,"1":0},"f":{"0":0},"b":{}}}}